{"level":"info","message":"Server is running on http://localhost:3000","service":"portfolio-backend","timestamp":"2026-04-18 21:16:22"}
{"level":"info","message":"Server is running on http://localhost:3000","service":"portfolio-backend","timestamp":"2026-04-18 21:16:22"}
{"level":"info","message":"Server is running on http://localhost:3000","service":"portfolio-backend","timestamp":"2026-04-22 09:13:41"}
{"level":"info","message":"Server is running on http://localhost:3000","service":"portfolio-backend","timestamp":"2026-04-22 09:19:47"}
{"level":"info","message":"Server is running on http://localhost:3000","service":"portfolio-backend","timestamp":"2026-04-22 09:20:21"}
{"level":"info","message":"Server is running on http://localhost:3000","service":"portfolio-backend","timestamp":"2026-04-22 09:20:42"}
{"level":"info","message":"Server is running on http://localhost:3000","service":"portfolio-backend","timestamp":"2026-04-22 09:21:07"}
{"level":"info","message":"Server is running on http://localhost:3000","service":"portfolio-backend","timestamp":"2026-04-22 09:22:33"}
{"level":"info","message":"Server is running on http://localhost:3000","service":"portfolio-backend","timestamp":"2026-04-22 09:23:06"}
{"level":"info","message":"Server is running on http://localhost:3000","service":"portfolio-backend","timestamp":"2026-04-22 09:23:50"}
{"level":"info","message":"Server is running on http://localhost:3000","service":"portfolio-backend","timestamp":"2026-04-22 09:24:29"}
{"level":"info","message":"Server is running on http://localhost:3000","service":"portfolio-backend","timestamp":"2026-04-22 09:45:47"}
{"level":"info","message":"Server is running on http://localhost:3000","service":"portfolio-backend","timestamp":"2026-04-22 09:45:47"}
{"level":"info","message":"Server is running on http://localhost:3000","service":"portfolio-backend","timestamp":"2026-04-22 09:56:38"}
{"level":"info","message":"Server is running on http://localhost:3000","service":"portfolio-backend","timestamp":"2026-04-22 10:03:31"}
{"level":"info","message":"Server is running on http://localhost:3000","service":"portfolio-backend","timestamp":"2026-04-22 10:03:31"}
{"level":"info","message":"Server is running on http://localhost:3000","service":"portfolio-backend","timestamp":"2026-04-22 10:03:31"}
{"level":"info","message":"Server is running on http://localhost:3000","service":"portfolio-backend","timestamp":"2026-04-22 10:05:21"}
{"level":"info","message":"Server is running on http://localhost:3000","service":"portfolio-backend","timestamp":"2026-04-22 10:07:06"}
{"level":"info","message":"Server is running on http://localhost:3000","service":"portfolio-backend","timestamp":"2026-04-22 10:07:07"}
{"level":"info","message":"Server is running on http://localhost:3000","service":"portfolio-backend","timestamp":"2026-04-22 10:07:07"}
{"level":"info","message":"Server is running on http://localhost:3000","service":"portfolio-backend","timestamp":"2026-04-22 10:07:19"}
{"level":"info","message":"Server is running on http://localhost:3000","service":"portfolio-backend","timestamp":"2026-04-22 10:07:20"}
{"level":"info","message":"Server is running on http://localhost:3000","service":"portfolio-backend","timestamp":"2026-04-22 10:07:20"}
{"level":"info","message":"Server is running on http://localhost:3000","service":"portfolio-backend","timestamp":"2026-04-22 10:08:04"}
{"level":"info","message":"Server is running on http://localhost:3000","service":"portfolio-backend","timestamp":"2026-04-22 10:08:05"}
{"level":"info","message":"Server is running on http://localhost:3000","service":"portfolio-backend","timestamp":"2026-04-22 10:08:05"}
{"level":"info","message":"Server is running on http://localhost:3000","service":"portfolio-backend","timestamp":"2026-04-22 10:08:17"}
{"level":"info","message":"Server is running on http://localhost:3000","service":"portfolio-backend","timestamp":"2026-04-22 10:08:18"}
{"level":"info","message":"Server is running on http://localhost:3000","service":"portfolio-backend","timestamp":"2026-04-22 10:08:18"}
{"level":"info","message":"Server is running on http://localhost:3000","service":"portfolio-backend","timestamp":"2026-04-22 10:10:03"}
{"level":"info","message":"Server is running on http://localhost:3000","service":"portfolio-backend","timestamp":"2026-04-22 10:12:35"}
{"level":"info","message":"Server is running on http://localhost:3000","service":"portfolio-backend","timestamp":"2026-04-22 10:12:37"}
{"level":"info","message":"Server is running on http://localhost:3000","service":"portfolio-backend","timestamp":"2026-04-22 10:12:37"}
{"level":"info","message":"Server is running on http://localhost:3000","service":"portfolio-backend","timestamp":"2026-04-22 10:15:30"}
{"level":"info","message":"Server is running on http://localhost:3000","service":"portfolio-backend","timestamp":"2026-04-22 10:15:31"}
{"level":"info","message":"Server is running on http://localhost:3000","service":"portfolio-backend","timestamp":"2026-04-22 10:15:31"}
{"level":"info","message":"Server is running on http://localhost:3000","service":"portfolio-backend","timestamp":"2026-04-22 10:15:35"}
{"level":"info","message":"Server is running on http://localhost:3000","service":"portfolio-backend","timestamp":"2026-04-22 10:15:36"}
{"level":"info","message":"Server is running on http://localhost:3000","service":"portfolio-backend","timestamp":"2026-04-22 10:15:36"}
{"level":"error","message":"The requested module './Skills.models.js' does not provide an export named 'Skills'","method":"GET","path":"/api/dashboard/overview","service":"portfolio-backend","stack":"file:///D:/FullStack-Projects/PortifolioWebsite/Backend/Models/index.js:7\nexport { Skills } from \"./Skills.models.js\";\n         ^^^^^^\nSyntaxError: The requested module './Skills.models.js' does not provide an export named 'Skills'\n    at ModuleJob._instantiate (node:internal/modules/esm/module_job:180:21)\n    at async ModuleJob.run (node:internal/modules/esm/module_job:263:5)\n    at async onImport.tracePromise.__proto__ (node:internal/modules/esm/loader:547:26)\n    at async file:///D:/FullStack-Projects/PortifolioWebsite/Backend/Routes/index.routes.js:358:51","statusCode":500,"timestamp":"2026-04-22 10:18:43"}
{"level":"info","message":"Server is running on http://localhost:3000","service":"portfolio-backend","timestamp":"2026-04-22 10:19:46"}
{"level":"error","message":"The requested module './Skills.models.js' does not provide an export named 'Skills'","method":"GET","path":"/api/dashboard/overview","service":"portfolio-backend","stack":"file:///D:/FullStack-Projects/PortifolioWebsite/Backend/Models/index.js:7\nexport { Skills } from \"./Skills.models.js\";\n         ^^^^^^\nSyntaxError: The requested module './Skills.models.js' does not provide an export named 'Skills'\n    at ModuleJob._instantiate (node:internal/modules/esm/module_job:180:21)\n    at async ModuleJob.run (node:internal/modules/esm/module_job:263:5)\n    at async onImport.tracePromise.__proto__ (node:internal/modules/esm/loader:547:26)\n    at async file:///D:/FullStack-Projects/PortifolioWebsite/Backend/Routes/index.routes.js:358:51","statusCode":500,"timestamp":"2026-04-22 10:20:49"}
{"level":"error","message":"The requested module './Skills.models.js' does not provide an export named 'Skills'","method":"GET","path":"/api/dashboard/overview","service":"portfolio-backend","stack":"file:///D:/FullStack-Projects/PortifolioWebsite/Backend/Models/index.js:7\nexport { Skills } from \"./Skills.models.js\";\n         ^^^^^^\nSyntaxError: The requested module './Skills.models.js' does not provide an export named 'Skills'\n    at ModuleJob._instantiate (node:internal/modules/esm/module_job:180:21)\n    at async ModuleJob.run (node:internal/modules/esm/module_job:263:5)\n    at async onImport.tracePromise.__proto__ (node:internal/modules/esm/loader:547:26)\n    at async file:///D:/FullStack-Projects/PortifolioWebsite/Backend/Routes/index.routes.js:358:51","statusCode":500,"timestamp":"2026-04-22 10:21:57"}
{"level":"error","message":"The requested module './Skills.models.js' does not provide an export named 'Skills'","method":"GET","path":"/api/dashboard/overview","service":"portfolio-backend","stack":"file:///D:/FullStack-Projects/PortifolioWebsite/Backend/Models/index.js:7\nexport { Skills } from \"./Skills.models.js\";\n         ^^^^^^\nSyntaxError: The requested module './Skills.models.js' does not provide an export named 'Skills'\n    at ModuleJob._instantiate (node:internal/modules/esm/module_job:180:21)\n    at async ModuleJob.run (node:internal/modules/esm/module_job:263:5)\n    at async onImport.tracePromise.__proto__ (node:internal/modules/esm/loader:547:26)\n    at async file:///D:/FullStack-Projects/PortifolioWebsite/Backend/Routes/index.routes.js:358:51","statusCode":500,"timestamp":"2026-04-22 10:23:13"}
{"level":"error","message":"The requested module './Skills.models.js' does not provide an export named 'Skills'","method":"GET","path":"/api/dashboard/overview","service":"portfolio-backend","stack":"file:///D:/FullStack-Projects/PortifolioWebsite/Backend/Models/index.js:7\nexport { Skills } from \"./Skills.models.js\";\n         ^^^^^^\nSyntaxError: The requested module './Skills.models.js' does not provide an export named 'Skills'\n    at ModuleJob._instantiate (node:internal/modules/esm/module_job:180:21)\n    at async ModuleJob.run (node:internal/modules/esm/module_job:263:5)\n    at async onImport.tracePromise.__proto__ (node:internal/modules/esm/loader:547:26)\n    at async file:///D:/FullStack-Projects/PortifolioWebsite/Backend/Routes/index.routes.js:358:51","statusCode":500,"timestamp":"2026-04-22 10:24:36"}
{"level":"error","message":"The requested module './Skills.models.js' does not provide an export named 'Skills'","method":"GET","path":"/api/dashboard/overview","service":"portfolio-backend","stack":"file:///D:/FullStack-Projects/PortifolioWebsite/Backend/Models/index.js:7\nexport { Skills } from \"./Skills.models.js\";\n         ^^^^^^\nSyntaxError: The requested module './Skills.models.js' does not provide an export named 'Skills'\n    at ModuleJob._instantiate (node:internal/modules/esm/module_job:180:21)\n    at async ModuleJob.run (node:internal/modules/esm/module_job:263:5)\n    at async onImport.tracePromise.__proto__ (node:internal/modules/esm/loader:547:26)\n    at async file:///D:/FullStack-Projects/PortifolioWebsite/Backend/Routes/index.routes.js:358:51","statusCode":500,"timestamp":"2026-04-22 10:24:36"}
{"level":"error","message":"The requested module './Skills.models.js' does not provide an export named 'Skills'","method":"GET","path":"/api/dashboard/overview","service":"portfolio-backend","stack":"file:///D:/FullStack-Projects/PortifolioWebsite/Backend/Models/index.js:7\nexport { Skills } from \"./Skills.models.js\";\n         ^^^^^^\nSyntaxError: The requested module './Skills.models.js' does not provide an export named 'Skills'\n    at ModuleJob._instantiate (node:internal/modules/esm/module_job:180:21)\n    at async ModuleJob.run (node:internal/modules/esm/module_job:263:5)\n    at async onImport.tracePromise.__proto__ (node:internal/modules/esm/loader:547:26)\n    at async file:///D:/FullStack-Projects/PortifolioWebsite/Backend/Routes/index.routes.js:358:51","statusCode":500,"timestamp":"2026-04-22 10:26:26"}
{"level":"error","message":"The requested module './Skills.models.js' does not provide an export named 'Skills'","method":"GET","path":"/api/dashboard/overview","service":"portfolio-backend","stack":"file:///D:/FullStack-Projects/PortifolioWebsite/Backend/Models/index.js:7\nexport { Skills } from \"./Skills.models.js\";\n         ^^^^^^\nSyntaxError: The requested module './Skills.models.js' does not provide an export named 'Skills'\n    at ModuleJob._instantiate (node:internal/modules/esm/module_job:180:21)\n    at async ModuleJob.run (node:internal/modules/esm/module_job:263:5)\n    at async onImport.tracePromise.__proto__ (node:internal/modules/esm/loader:547:26)\n    at async file:///D:/FullStack-Projects/PortifolioWebsite/Backend/Routes/index.routes.js:358:51","statusCode":500,"timestamp":"2026-04-22 10:26:26"}
{"level":"error","message":"The requested module './Skills.models.js' does not provide an export named 'Skills'","method":"GET","path":"/api/dashboard/overview","service":"portfolio-backend","stack":"file:///D:/FullStack-Projects/PortifolioWebsite/Backend/Models/index.js:7\nexport { Skills } from \"./Skills.models.js\";\n         ^^^^^^\nSyntaxError: The requested module './Skills.models.js' does not provide an export named 'Skills'\n    at ModuleJob._instantiate (node:internal/modules/esm/module_job:180:21)\n    at async ModuleJob.run (node:internal/modules/esm/module_job:263:5)\n    at async onImport.tracePromise.__proto__ (node:internal/modules/esm/loader:547:26)\n    at async file:///D:/FullStack-Projects/PortifolioWebsite/Backend/Routes/index.routes.js:358:51","statusCode":500,"timestamp":"2026-04-22 10:30:28"}
{"level":"error","message":"The requested module './Skills.models.js' does not provide an export named 'Skills'","method":"GET","path":"/api/dashboard/overview","service":"portfolio-backend","stack":"file:///D:/FullStack-Projects/PortifolioWebsite/Backend/Models/index.js:7\nexport { Skills } from \"./Skills.models.js\";\n         ^^^^^^\nSyntaxError: The requested module './Skills.models.js' does not provide an export named 'Skills'\n    at ModuleJob._instantiate (node:internal/modules/esm/module_job:180:21)\n    at async ModuleJob.run (node:internal/modules/esm/module_job:263:5)\n    at async onImport.tracePromise.__proto__ (node:internal/modules/esm/loader:547:26)\n    at async file:///D:/FullStack-Projects/PortifolioWebsite/Backend/Routes/index.routes.js:358:51","statusCode":500,"timestamp":"2026-04-22 10:32:00"}
{"level":"info","message":"Server is running on http://localhost:3000","service":"portfolio-backend","timestamp":"2026-04-22 10:33:55"}
{"level":"info","message":"Server is running on http://localhost:3000","service":"portfolio-backend","timestamp":"2026-04-22 10:33:55"}
{"level":"info","message":"Server is running on http://localhost:3000","service":"portfolio-backend","timestamp":"2026-04-22 10:33:55"}
{"level":"info","message":"Server is running on http://localhost:3000","service":"portfolio-backend","timestamp":"2026-04-22 10:34:12"}
{"level":"info","message":"Server is running on http://localhost:3000","service":"portfolio-backend","timestamp":"2026-04-22 10:34:17"}
{"level":"info","message":"Server is running on http://localhost:3000","service":"portfolio-backend","timestamp":"2026-04-22 10:34:18"}
{"level":"info","message":"Server is running on http://localhost:3000","service":"portfolio-backend","timestamp":"2026-04-22 10:34:18"}
{"level":"info","message":"Server is running on http://localhost:3000","service":"portfolio-backend","timestamp":"2026-04-22 10:34:38"}
{"level":"info","message":"Server is running on http://localhost:3000","service":"portfolio-backend","timestamp":"2026-04-22 10:34:39"}
{"level":"info","message":"Server is running on http://localhost:3000","service":"portfolio-backend","timestamp":"2026-04-22 10:34:39"}
{"level":"info","message":"Server is running on http://localhost:3000","service":"portfolio-backend","timestamp":"2026-04-22 10:34:47"}
{"level":"info","message":"Server is running on http://localhost:3000","service":"portfolio-backend","timestamp":"2026-04-22 10:34:48"}
{"level":"info","message":"Server is running on http://localhost:3000","service":"portfolio-backend","timestamp":"2026-04-22 10:34:48"}
{"level":"info","message":"Server is running on http://localhost:3000","service":"portfolio-backend","timestamp":"2026-04-22 10:35:03"}
{"level":"info","message":"Server is running on http://localhost:3000","service":"portfolio-backend","timestamp":"2026-04-22 10:35:03"}
{"level":"info","message":"Server is running on http://localhost:3000","service":"portfolio-backend","timestamp":"2026-04-22 10:35:03"}
{"level":"info","message":"Server is running on http://localhost:3000","service":"portfolio-backend","timestamp":"2026-04-22 10:49:31"}
{"level":"info","message":"Server is running on http://localhost:3000","service":"portfolio-backend","timestamp":"2026-04-22 11:46:26"}
{"level":"info","message":"Server is running on http://localhost:3000","service":"portfolio-backend","timestamp":"2026-04-22 11:54:37"}
{"level":"error","message":"Invalid credentials","method":"POST","path":"/api/auth/login","service":"portfolio-backend","stack":"Error: Invalid credentials\n    at file:///D:/FullStack-Projects/PortifolioWebsite/Backend/Controllers/Auth.controllers.js:155:17\n    at process.processTicksAndRejections (node:internal/process/task_queues:105:5)","statusCode":401,"timestamp":"2026-04-22 11:59:51"}
{"level":"error","message":"Password must be at least 8 characters","method":"POST","path":"/api/auth/login","service":"portfolio-backend","stack":"Error: Password must be at least 8 characters\n    at file:///D:/FullStack-Projects/PortifolioWebsite/Backend/Controllers/Auth.controllers.js:160:7","statusCode":400,"timestamp":"2026-04-22 12:00:47"}
{"level":"info","message":"Server is running on http://localhost:3000","service":"portfolio-backend","timestamp":"2026-04-22 12:05:25"}
{"level":"info","message":"Server is running on http://localhost:3000","service":"portfolio-backend","timestamp":"2026-04-22 12:08:57"}
{"level":"info","message":"Server is running on http://localhost:3000","service":"portfolio-backend","timestamp":"2026-04-22 12:09:04"}
{"level":"info","message":"Server is running on http://localhost:3000","service":"portfolio-backend","timestamp":"2026-04-22 12:09:15"}
{"level":"info","message":"Server is running on http://localhost:3000","service":"portfolio-backend","timestamp":"2026-04-22 12:09:22"}
{"level":"info","message":"Server is running on http://localhost:3000","service":"portfolio-backend","timestamp":"2026-04-22 12:10:59"}
{"level":"info","message":"Server is running on http://localhost:3000","service":"portfolio-backend","timestamp":"2026-04-22 12:11:06"}
{"level":"info","message":"Server is running on http://localhost:3000","service":"portfolio-backend","timestamp":"2026-04-22 12:11:13"}
{"level":"info","message":"Server is running on http://localhost:3000","service":"portfolio-backend","timestamp":"2026-04-22 12:11:50"}
{"level":"info","message":"Server is running on http://localhost:3000","service":"portfolio-backend","timestamp":"2026-04-22 12:11:56"}
{"level":"info","message":"Server is running on http://localhost:3000","service":"portfolio-backend","timestamp":"2026-04-22 12:40:27"}
{"level":"info","message":"Server is running on http://localhost:3000","service":"portfolio-backend","timestamp":"2026-04-22 13:13:35"}
{"level":"info","message":"Server is running on http://localhost:3000","service":"portfolio-backend","timestamp":"2026-04-22 18:07:07"}
{"level":"info","message":"Server is running on http://localhost:3000","service":"portfolio-backend","timestamp":"2026-04-22 18:09:17"}
{"level":"info","message":"Server is running on http://localhost:3000","service":"portfolio-backend","timestamp":"2026-04-22 19:19:01"}
{"level":"error","message":"Invalid or expired refresh token","method":"POST","path":"/api/auth/refresh-token","service":"portfolio-backend","stack":"Error: Invalid or expired refresh token\n    at file:///D:/FullStack-Projects/PortifolioWebsite/Backend/Controllers/Auth.controllers.js:400:19\n    at process.processTicksAndRejections (node:internal/process/task_queues:105:5)","statusCode":401,"timestamp":"2026-04-22 20:14:07"}
{"level":"error","message":"Invalid or expired refresh token","method":"POST","path":"/api/auth/refresh-token","service":"portfolio-backend","stack":"Error: Invalid or expired refresh token\n    at file:///D:/FullStack-Projects/PortifolioWebsite/Backend/Controllers/Auth.controllers.js:400:19\n    at process.processTicksAndRejections (node:internal/process/task_queues:105:5)","statusCode":401,"timestamp":"2026-04-22 20:14:07"}
{"level":"error","message":"Invalid or expired refresh token","method":"POST","path":"/api/auth/refresh-token","service":"portfolio-backend","stack":"Error: Invalid or expired refresh token\n    at file:///D:/FullStack-Projects/PortifolioWebsite/Backend/Controllers/Auth.controllers.js:400:19\n    at process.processTicksAndRejections (node:internal/process/task_queues:105:5)","statusCode":401,"timestamp":"2026-04-22 20:14:07"}
{"level":"info","message":"Server is running on http://localhost:3000","service":"portfolio-backend","timestamp":"2026-04-23 18:34:36"}
{"level":"info","message":"Server is running on http://localhost:3000","service":"portfolio-backend","timestamp":"2026-04-25 19:41:52"}
{"level":"info","message":"Server is running on http://localhost:3000","service":"portfolio-backend","timestamp":"2026-04-25 19:57:32"}
{"level":"info","message":"Server is running on http://localhost:3000","service":"portfolio-backend","timestamp":"2026-04-25 20:27:33"}
{"level":"info","message":"Server is running on http://localhost:3000","service":"portfolio-backend","timestamp":"2026-04-26 07:22:07"}
{"level":"info","message":"Server is running on http://localhost:3000","service":"portfolio-backend","timestamp":"2026-04-26 07:41:51"}
{"level":"info","message":"Server is running on http://localhost:3000","service":"portfolio-backend","timestamp":"2026-04-26 07:42:00"}
{"level":"info","message":"Server is running on http://localhost:3000","service":"portfolio-backend","timestamp":"2026-04-26 07:42:10"}
{"level":"info","message":"Server is running on http://localhost:3000","service":"portfolio-backend","timestamp":"2026-04-26 07:42:17"}
{"level":"info","message":"Server is running on http://localhost:3000","service":"portfolio-backend","timestamp":"2026-04-26 07:43:29"}
{"level":"info","message":"Server is running on http://localhost:3000","service":"portfolio-backend","timestamp":"2026-04-26 07:43:37"}
{"level":"info","message":"Server is running on http://localhost:3000","service":"portfolio-backend","timestamp":"2026-04-26 07:45:12"}
{"level":"info","message":"Server is running on http://localhost:3000","service":"portfolio-backend","timestamp":"2026-04-26 07:45:19"}
{"level":"info","message":"Server is running on http://localhost:3000","service":"portfolio-backend","timestamp":"2026-04-26 07:45:27"}
{"level":"info","message":"Server is running on http://localhost:3000","service":"portfolio-backend","timestamp":"2026-04-26 07:45:32"}
{"level":"info","message":"Server is running on http://localhost:3000","service":"portfolio-backend","timestamp":"2026-04-26 07:45:38"}
{"level":"info","message":"Server is running on http://localhost:3000","service":"portfolio-backend","timestamp":"2026-04-26 07:45:47"}
{"level":"info","message":"Server is running on http://localhost:3000","service":"portfolio-backend","timestamp":"2026-04-26 07:45:52"}
{"level":"info","message":"Server is running on http://localhost:3000","service":"portfolio-backend","timestamp":"2026-04-26 07:45:59"}
{"level":"info","message":"Server is running on http://localhost:3000","service":"portfolio-backend","timestamp":"2026-04-26 08:45:41"}
{"level":"info","message":"Server is running on http://localhost:3000","service":"portfolio-backend","timestamp":"2026-04-26 08:46:18"}
{"level":"info","message":"Server is running on http://localhost:3000","service":"portfolio-backend","timestamp":"2026-04-26 08:47:46"}
{"level":"info","message":"Server is running on http://localhost:3000","service":"portfolio-backend","timestamp":"2026-04-26 08:47:56"}
{"level":"info","message":"Server is running on http://localhost:3000","service":"portfolio-backend","timestamp":"2026-04-26 08:48:22"}
{"level":"info","message":"Server is running on http://localhost:3000","service":"portfolio-backend","timestamp":"2026-04-26 08:49:28"}
{"level":"info","message":"Server is running on http://localhost:3000","service":"portfolio-backend","timestamp":"2026-04-26 08:49:57"}
{"level":"info","message":"Server is running on http://localhost:3000","service":"portfolio-backend","timestamp":"2026-04-26 08:50:12"}
{"level":"info","message":"Server is running on http://localhost:3000","service":"portfolio-backend","timestamp":"2026-04-26 08:51:00"}
{"level":"info","message":"Server is running on http://localhost:3000","service":"portfolio-backend","timestamp":"2026-04-26 08:51:05"}
{"level":"info","message":"Server is running on http://localhost:3000","service":"portfolio-backend","timestamp":"2026-04-26 08:53:05"}
{"level":"info","message":"Server is running on http://localhost:3000","service":"portfolio-backend","timestamp":"2026-04-26 08:53:12"}
{"level":"info","message":"Server is running on http://localhost:3000","service":"portfolio-backend","timestamp":"2026-04-26 08:53:19"}
{"level":"info","message":"Server is running on http://localhost:3000","service":"portfolio-backend","timestamp":"2026-04-26 08:53:26"}
{"level":"info","message":"Server is running on http://localhost:3000","service":"portfolio-backend","timestamp":"2026-04-26 08:54:56"}
{"level":"info","message":"Server is running on http://localhost:3000","service":"portfolio-backend","timestamp":"2026-04-26 08:55:01"}
{"level":"info","message":"Server is running on http://localhost:3000","service":"portfolio-backend","timestamp":"2026-04-26 08:55:07"}
{"level":"info","message":"Server is running on http://localhost:3000","service":"portfolio-backend","timestamp":"2026-04-26 08:55:18"}
{"level":"info","message":"Server is running on http://localhost:3000","service":"portfolio-backend","timestamp":"2026-04-26 08:55:27"}
{"level":"info","message":"Server is running on http://localhost:3000","service":"portfolio-backend","timestamp":"2026-04-26 08:55:36"}
{"level":"info","message":"Server is running on http://localhost:3000","service":"portfolio-backend","timestamp":"2026-04-26 09:01:14"}
{"level":"info","message":"Server is running on http://localhost:3000","service":"portfolio-backend","timestamp":"2026-04-26 09:12:17"}
{"level":"info","message":"Server is running on http://localhost:3000","service":"portfolio-backend","timestamp":"2026-04-26 09:12:27"}
{"level":"info","message":"Server is running on http://localhost:3000","service":"portfolio-backend","timestamp":"2026-04-26 09:31:12"}
